
> tuberush-v2@1.0.0 web
> expo start --web

Starting project at /app
React Compiler enabled
Starting Metro Bundler
The following packages should be updated for best compatibility with the installed expo version:
  @stripe/stripe-react-native@0.57.2 - expected version: 0.50.3
  expo@54.0.25 - expected version: ~54.0.33
  expo-constants@18.0.10 - expected version: ~18.0.13
  expo-font@14.0.9 - expected version: ~14.0.11
  expo-haptics@15.0.7 - expected version: ~15.0.8
  expo-image@3.0.10 - expected version: ~3.0.11
  expo-linking@8.0.9 - expected version: ~8.0.11
  expo-router@6.0.15 - expected version: ~6.0.23
  expo-secure-store@15.0.7 - expected version: ~15.0.8
  expo-splash-screen@31.0.11 - expected version: ~31.0.13
  expo-status-bar@3.0.8 - expected version: ~3.0.9
  expo-symbols@1.0.7 - expected version: ~1.0.8
  expo-system-ui@6.0.8 - expected version: ~6.0.9
  expo-web-browser@15.0.9 - expected version: ~15.0.10
Your project may not work correctly until you install the expected versions of the packages.
Waiting on http://localhost:8081
Logs for your project will appear below.
Web node_modules/expo-router/entry.js ░░░░░░░░░░░░░░░░  0.0% (0/1)
| [baseline-browser-mapping] The data in this module is over two months old.  To ensure accurate Baseline data, please update: `npm i baseline-browser-mapping@latest -D`
| [baseline-browser-mapping] The data in this module is over two months old.  To ensure accurate Baseline data, please update: `npm i baseline-browser-mapping@latest -D`
| [baseline-browser-mapping] The data in this module is over two months old.  To ensure accurate Baseline data, please update: `npm i baseline-browser-mapping@latest -D`
Web node_modules/expo-router/entry.js ▓▓▓▓▓▓▓░░░░░░░░░ 48.4% ( 38/172)
λ node_modules/expo-router/node/render.js ▓▓░░░░░░░░░░░░░░ 16.4% (107/264)
Web node_modules/expo-router/entry.js ▓▓▓▓▓▓▓░░░░░░░░░ 48.4% (201/424)
λ node_modules/expo-router/node/render.js ▓▓▓▓▓░░░░░░░░░░░ 34.4% (258/440)
Web node_modules/expo-router/entry.js ▓▓▓▓▓▓▓░░░░░░░░░ 48.4% (418/710)
λ node_modules/expo-router/node/render.js ▓▓▓▓▓▓▓▓░░░░░░░░ 52.6% (435/600)
Web node_modules/expo-router/entry.js ▓▓▓▓▓▓▓▓░░░░░░░░ 50.2% (586/831)
λ node_modules/expo-router/node/render.js ▓▓▓▓▓▓▓▓▓░░░░░░░ 59.3% (593/795)
Web node_modules/expo-router/entry.js ▓▓▓▓▓▓▓▓▓▓▓░░░░░ 74.3% ( 881/1022)
λ node_modules/expo-router/node/render.js ▓▓▓▓▓▓▓▓▓▓▓░░░░░ 70.5% (789/958)
Web node_modules/expo-router/entry.js ▓▓▓▓▓▓▓▓▓▓▓▓▓░░░ 83.8% (1042/1138)
λ node_modules/expo-router/node/render.js ▓▓▓▓▓▓▓▓▓▓▓▓▓░░░ 85.9% ( 979/1058)
Web node_modules/expo-router/entry.js ▓▓▓▓▓▓▓▓▓▓▓▓▓▓░░ 90.9% (1285/1366)
λ node_modules/expo-router/node/render.js ▓▓▓▓▓▓▓▓▓▓▓▓▓▓░░ 90.7% (1184/1259)
Web node_modules/expo-router/entry.js ▓▓▓▓▓▓▓▓▓▓▓▓▓▓░░ 90.9% (1314/1385)
λ node_modules/expo-router/node/render.js ▓▓▓▓▓▓▓▓▓▓▓▓▓▓░░ 90.7% (1225/1316)
Web Bundling failed 31433ms node_modules/expo-router/entry.js (1466 modules)
λ Bundling failed 31467ms node_modules/expo-router/node/render.js (1415 modules)

Metro error: Importing native-only module "react-native/Libraries/Utilities/codegenNativeComponent" on web from: node_modules/@stripe/stripe-react-native/lib/module/specs/NativeStripeContainer.js

Import stack:

 node_modules/@stripe/stripe-react-native/lib/module/specs/NativeStripeContainer.js
 | import "react-native/Libraries/Utilities/codegenNativeComponent"
           ^ Importing react-native internals is not supported on web.

 node_modules/@stripe/stripe-react-native/lib/module/components/StripeContainer.js
 | import "../specs/NativeStripeContainer"

 node_modules/@stripe/stripe-react-native/lib/module/index.js
 | import "./components/StripeContainer"

 app/_layout.tsx
 | import "@stripe/stripe-react-native"

 app (require.context)



Web Bundled 3298ms node_modules/expo-router/_error.js (323 modules)
 LOG  [web] Logs will appear in the browser console
